生成启动时间为 2020/7/25 22:54:56。
     1>项目“E:\2020Summer\Projects\gobang\src\libgobang\libgobang.vcxproj”在节点 2 上(Build 个目标)。
     1>C:\Program Files (x86)\MSBuild\Microsoft.Cpp\v4.0\V140\Microsoft.CppBuild.targets(368,5): warning MSB8004: Output Directory does not end with a trailing slash.  This build instance will add the slash as it is required to allow proper evaluation of the Output Directory.
     1>ClCompile:
         E:\Program Files (x86)\Microsoft Visual Studio 14.0\VC\bin\x86_amd64\CL.exe /c /Zi /nologo /W3 /WX- /sdl /O2 /Oi /GL /D _WINDLL /D _MBCS /Gm- /EHsc /MD /GS /Gy /fp:precise /Zc:wchar_t /Zc:forScope /Zc:inline /Fo"x64\Release\\" /Fd"x64\Release\vc140.pdb" /Gd /TP /errorReport:prompt game.cpp game_c.cpp
         game.cpp
         game_c.cpp
       Link:
         E:\Program Files (x86)\Microsoft Visual Studio 14.0\VC\bin\x86_amd64\link.exe /ERRORREPORT:PROMPT /OUT:"E:\2020Summer\Projects\gobang\src\build\libgobang.dll" /NOLOGO kernel32.lib user32.lib gdi32.lib winspool.lib comdlg32.lib advapi32.lib shell32.lib ole32.lib oleaut32.lib uuid.lib odbc32.lib odbccp32.lib /MANIFEST /MANIFESTUAC:"level='asInvoker' uiAccess='false'" /manifest:embed /Debug /PDB:"E:\2020Summer\Projects\gobang\src\build\libgobang.pdb" /OPT:REF /OPT:ICF /LTCG:incremental /TLBID:1 /DYNAMICBASE /NXCOMPAT /IMPLIB:"E:\2020Summer\Projects\gobang\src\build\libgobang.lib" /MACHINE:X64 /DLL x64\Release\ai_controller.obj
         x64\Release\eval.obj
         x64\Release\negamax.obj
         x64\Release\game.obj
         x64\Release\game_c.obj
         x64\Release\judge.obj
         x64\Release\globals.obj
         x64\Release\utils.obj
           正在创建库 E:\2020Summer\Projects\gobang\src\build\libgobang.lib 和对象 E:\2020Summer\Projects\gobang\src\build\libgobang.exp
         正在生成代码
         146 of 146 functions (100.0%) were compiled, the rest were copied from previous compilation.
           5 functions were new in current compilation
           0 functions had inline decision re-evaluated but remain unchanged
         已完成代码的生成
         libgobang.vcxproj -> E:\2020Summer\Projects\gobang\src\build\libgobang.dll
     1>已完成生成项目“E:\2020Summer\Projects\gobang\src\libgobang\libgobang.vcxproj”(Build 个目标)的操作。

已成功生成。

已用时间 00:00:01.00
